<html>
<head><style type="text/css">h1 {background-color:#9999CC}
h2 {background-color:#BBBBCC}
h3 {background-color:#DDDDFF}
th {border:1px solid black;background-color:#CCCCDD;}
td{border:1px solid black;}
table {border:1px solid black;border-collapse: collapse;}
.chart {border:0px none black;border-collapse: collapse;background-color: none;}
.passed {background-color:lightgreen;font-weight:bold;color:darkgreen}
.failed {background-color:tomato;font-weight:bold;color:darkred}
.undefined {background-color:gold;font-weight:bold;color:goldenrod}
.skipped {background-color:silver;font-weight:bold;color:darkgray}
.passed_description {background-color:#D0FFD0;font-weight:bold;font-style:italic;color:black}
.failed_description {background-color:#FFA898;font-weight:bold;font-style:italic;color:black}
OL { counter-reset: item }
OL>LI { display: block }
OL>LI:before { content: counters(item, ".") " "; counter-increment: item }

div.header {
    display: block; text-align: center;
    position: running(header);
}
div.footer {
    display: block; text-align: center;
    position: running(footer);
}
div.content {page-break-after: always;}
@page {
	 size: __PAGESIZE__;
     @top-center {
     	content: "Detailed Results Report";
	    color: silver;
	    font-size: 14px;
     }
     @top-right {
     	content: date("dd MMM, yyyy hh:mm");
	    color: silver;
	    font-size: 8px;
     }
    @bottom-right {
    	content: "Page " counter(page) " of " counter(pages) ;
	    color: silver;
	    font-size: 8px;
    }
}
ol a::after {
  content: leader('.') target-counter(attr(href), page);
}
</style>
<title>Detailed Results Report</title>
  </head>
  <body>
    <div class='header'></div>
    <div class='footer'></div>
  <h1>Overview</h1>
<table><tr><th></th><th>Passed</th><th>Failed</th><th>Undefined</th><th>%Passed</th></tr><tr><th>Features</th><td class="passed">0</td><td class="failed">1</td><td class="undefined">0</td><td>0.00</td></tr><tr><th>Scenarios</th><td class="passed">0</td><td class="failed">1</td><td class="undefined">0</td><td>0.00</td></tr><tr><th>Steps</th><td class="passed">3</td><td class="failed">1</td><td class="undefined">0</td><td>75.00</td></tr></table><div><b>Overall Duration: 0h 01m 07s</b></div>
<a id="top"></a><h1>Table of Contents</h1><ol><li> <span class="failed"><a href="#feature-1associate-campaign-to-lead">Associate Campaign To Lead</a></span><ol><li> <span class="failed"><a href="#sc-15-associate-campaign-to-lead;create-lead-and-associate-campaign-to-it">Create Lead and Associate Campaign to it</a></span></li></ol></li></ol><h1>Detailed Results Report</h1><table width="700px"><tr class="failed"><td colspan="4"><b>Feature:</b> <a id="feature-1associate-campaign-to-lead">Associate Campaign To Lead</a></td></tr><tr class="failed_description"><td colspan="4"><br></br></td></tr><tr class="failed"><td><small><b>Passed:</b> 0</small></td><td><small><b>Failed:</b> 1</small></td><td><small><b>Undefined:</b> 0</small></td><td><small>Duration: 67.04s</small></td></tr><tr class="failed"><td colspan="4" style="padding-left:20px"> <table width="100%"><tr class="passed"><td colspan="4"><b>Background:</b> <a id="sc-null"></a></td></tr><tr class="passed_description"><td colspan="4"><br></br></td></tr><tr class="passed"><td><small><b>Passed:</b> 1</small></td><td><small><b>Failed:</b> 0</small></td><td><small><b>Undefined:</b> 0</small></td><td><small>Duration: 8.84s</small></td></tr><tr class="passed"><td colspan="4" style="padding-left:20px"> <table width="100%"><tr class="passed"><td><b>Given </b> user launch the salesforce application</td><td width="100">8.84s</td></tr><tr class="passed"><td colspan="2"><img src="./Regresssionbackground1559746976110.png"  /></td></tr></table></td></tr><tr><td colspan="5"><sup><a href="#top">Back to Table of Contents</a></sup></td></tr><tr class="failed"><td colspan="4"><b>Scenario:</b> <a id="sc-15-associate-campaign-to-lead;create-lead-and-associate-campaign-to-it">Create Lead and Associate Campaign to it</a></td></tr><tr class="failed_description"><td colspan="4"><br></br></td></tr><tr class="failed"><td><small><b>Passed:</b> 2</small></td><td><small><b>Failed:</b> 1</small></td><td><small><b>Undefined:</b> 0</small></td><td><small>Duration: 58.20s</small></td></tr><tr class="passed"><td>Before</td><td colspan="2"></td><td width="100">5.21s</td></tr><tr class="passed"><td colspan="4"><br></br></td></tr><tr class="failed"><td colspan="4" style="padding-left:20px"> <table width="100%"><tr class="passed"><td><b>When </b> user able to login</td><td width="100">14.19s</td></tr><tr class="passed"><td><b>Then </b> Create a lead for associate campaign</td><td width="100">12.78s</td></tr><tr class="passed"><td style="padding-left:20px" colspan="2"><table><tr><td>BU</td></tr><tr><td>Aviation</td></tr></table></td></tr><tr class="failed"><td><b>And </b> Associate Campaign to Lead</td><td width="100">25.09s</td></tr><tr class="failed"><td colspan="2"><div><br>org.openqa.selenium.TimeoutException: Expected condition failed: waiting for visibility of Proxy element for: DefaultElementLocator 'By.xpath: h2[text()='Choose a Campaign']' (tried for 10 second(s) with 500 milliseconds interval)</br><br>
	at org.openqa.selenium.support.ui.WebDriverWait.timeoutException(WebDriverWait.java:113)</br><br>
	at org.openqa.selenium.support.ui.FluentWait.until(FluentWait.java:283)</br><br>
	at com.inmarsat.sfdc.pages.TestBase.WaitforElement(TestBase.java:47)</br><br>
	at com.inmarsat.sfdc.pages.AssociateCampaignToLeadPage.enterCampaignName(AssociateCampaignToLeadPage.java:64)</br><br>
	at com.inmarsat.sfdc.stepdefinitions.AssociateCampaignToLeadStepDefs.associate_campaign_to_lead(AssociateCampaignToLeadStepDefs.java:71)</br><br>
	at &#10045;.And Associate Campaign to Lead(AssociateCampaignToLead.feature:20)</br><br>
Caused by: org.openqa.selenium.NoSuchElementException: no such element: Unable to locate element: {&quot;method&quot;:&quot;xpath&quot;,&quot;selector&quot;:&quot;h2[text()='Choose a Campaign']&quot;}
  (Session info: chrome=74.0.3729.169)
  (Driver info: chromedriver=74.0.3729.6 (255758eccf3d244491b8a1317aa76e1ce10d57e9-refs/branch-heads/3729@{#29}),platform=Windows NT 10.0.17134 x86_64) (WARNING: The server did not provide any stacktrace information)
Command duration or timeout: 0 milliseconds
For documentation on this error, please visit: http://seleniumhq.org/exceptions/no_such_element.html
Build info: version: '3.14.0', revision: 'aacccce0', time: '2018-08-02T20:19:58.91Z'
System info: host: 'QT-INBG-LT0548', ip: '10.20.12.118', os.name: 'Windows 10', os.arch: 'amd64', os.version: '10.0', java.version: '1.8.0_121'
Driver info: org.openqa.selenium.chrome.ChromeDriver
Capabilities {acceptInsecureCerts: false, acceptSslCerts: false, applicationCacheEnabled: false, browserConnectionEnabled: false, browserName: chrome, chrome: {chromedriverVersion: 74.0.3729.6 (255758eccf3d24..., userDataDir: C:UsersCHIRAN~1.HEGAppDa...}, cssSelectorsEnabled: true, databaseEnabled: false, goog:chromeOptions: {debuggerAddress: localhost:62062}, handlesAlerts: true, hasTouchScreen: false, javascriptEnabled: true, locationContextEnabled: true, mobileEmulationEnabled: false, nativeEvents: true, networkConnectionEnabled: false, pageLoadStrategy: normal, platform: XP, platformName: XP, proxy: Proxy(), rotatable: false, setWindowRect: true, strictFileInteractability: false, takesHeapSnapshot: true, takesScreenshot: true, timeouts: {implicit: 0, pageLoad: 300000, script: 30000}, unexpectedAlertBehaviour: ignore, unhandledPromptBehavior: ignore, version: 74.0.3729.169, webStorageEnabled: true}
Session ID: 0704b5de9c68e99f2621db391ae9f4da
*** Element info: {Using=xpath, value=h2[text()='Choose a Campaign']}</br><br>
	at sun.reflect.NativeConstructorAccessorImpl.newInstance0(Native Method)</br><br>
	at sun.reflect.NativeConstructorAccessorImpl.newInstance(NativeConstructorAccessorImpl.java:62)</br><br>
	at sun.reflect.DelegatingConstructorAccessorImpl.newInstance(DelegatingConstructorAccessorImpl.java:45)</br><br>
	at java.lang.reflect.Constructor.newInstance(Constructor.java:423)</br><br>
	at org.openqa.selenium.remote.ErrorHandler.createThrowable(ErrorHandler.java:214)</br><br>
	at org.openqa.selenium.remote.ErrorHandler.throwIfResponseFailed(ErrorHandler.java:166)</br><br>
	at org.openqa.selenium.remote.http.JsonHttpResponseCodec.reconstructValue(JsonHttpResponseCodec.java:40)</br><br>
	at org.openqa.selenium.remote.http.AbstractHttpResponseCodec.decode(AbstractHttpResponseCodec.java:80)</br><br>
	at org.openqa.selenium.remote.http.AbstractHttpResponseCodec.decode(AbstractHttpResponseCodec.java:44)</br><br>
	at org.openqa.selenium.remote.HttpCommandExecutor.execute(HttpCommandExecutor.java:158)</br><br>
	at org.openqa.selenium.remote.service.DriverCommandExecutor.execute(DriverCommandExecutor.java:83)</br><br>
	at org.openqa.selenium.remote.RemoteWebDriver.execute(RemoteWebDriver.java:548)</br><br>
	at org.openqa.selenium.remote.RemoteWebDriver.findElement(RemoteWebDriver.java:322)</br><br>
	at org.openqa.selenium.remote.RemoteWebDriver.findElementByXPath(RemoteWebDriver.java:424)</br><br>
	at org.openqa.selenium.By&#36;ByXPath.findElement(By.java:353)</br><br>
	at org.openqa.selenium.remote.RemoteWebDriver.findElement(RemoteWebDriver.java:314)</br><br>
	at org.openqa.selenium.support.pagefactory.DefaultElementLocator.findElement(DefaultElementLocator.java:69)</br><br>
	at org.openqa.selenium.support.pagefactory.internal.LocatingElementHandler.invoke(LocatingElementHandler.java:38)</br><br>
	at com.sun.proxy.&#36;Proxy25.isDisplayed(Unknown Source)</br><br>
	at org.openqa.selenium.support.ui.ExpectedConditions.elementIfVisible(ExpectedConditions.java:315)</br><br>
	at org.openqa.selenium.support.ui.ExpectedConditions.access&#36;100(ExpectedConditions.java:44)</br><br>
	at org.openqa.selenium.support.ui.ExpectedConditions&#36;10.apply(ExpectedConditions.java:301)</br><br>
	at org.openqa.selenium.support.ui.ExpectedConditions&#36;10.apply(ExpectedConditions.java:298)</br><br>
	at org.openqa.selenium.support.ui.FluentWait.until(FluentWait.java:260)</br><br>
	at com.inmarsat.sfdc.pages.TestBase.WaitforElement(TestBase.java:47)</br><br>
	at com.inmarsat.sfdc.pages.AssociateCampaignToLeadPage.enterCampaignName(AssociateCampaignToLeadPage.java:64)</br><br>
	at com.inmarsat.sfdc.stepdefinitions.AssociateCampaignToLeadStepDefs.associate_campaign_to_lead(AssociateCampaignToLeadStepDefs.java:71)</br><br>
	at sun.reflect.NativeMethodAccessorImpl.invoke0(Native Method)</br><br>
	at sun.reflect.NativeMethodAccessorImpl.invoke(NativeMethodAccessorImpl.java:62)</br><br>
	at sun.reflect.DelegatingMethodAccessorImpl.invoke(DelegatingMethodAccessorImpl.java:43)</br><br>
	at java.lang.reflect.Method.invoke(Method.java:498)</br><br>
	at cucumber.runtime.Utils&#36;1.call(Utils.java:40)</br><br>
	at cucumber.runtime.Timeout.timeout(Timeout.java:16)</br><br>
	at cucumber.runtime.Utils.invoke(Utils.java:34)</br><br>
	at cucumber.runtime.java.JavaStepDefinition.execute(JavaStepDefinition.java:38)</br><br>
	at cucumber.runtime.StepDefinitionMatch.runStep(StepDefinitionMatch.java:37)</br><br>
	at cucumber.runtime.Runtime.runStep(Runtime.java:300)</br><br>
	at cucumber.runtime.model.StepContainer.runStep(StepContainer.java:44)</br><br>
	at cucumber.runtime.model.StepContainer.runSteps(StepContainer.java:39)</br><br>
	at cucumber.runtime.model.CucumberScenario.run(CucumberScenario.java:44)</br><br>
	at cucumber.runtime.model.CucumberFeature.run(CucumberFeature.java:165)</br><br>
	at cucumber.api.testng.TestNGCucumberRunner.runCucumber(TestNGCucumberRunner.java:63)</br><br>
	at cucumber.api.testng.AbstractTestNGCucumberTests.feature(AbstractTestNGCucumberTests.java:21)</br><br>
	at sun.reflect.NativeMethodAccessorImpl.invoke0(Native Method)</br><br>
	at sun.reflect.NativeMethodAccessorImpl.invoke(NativeMethodAccessorImpl.java:62)</br><br>
	at sun.reflect.DelegatingMethodAccessorImpl.invoke(DelegatingMethodAccessorImpl.java:43)</br><br>
	at java.lang.reflect.Method.invoke(Method.java:498)</br><br>
	at org.testng.internal.MethodInvocationHelper.invokeMethod(MethodInvocationHelper.java:108)</br><br>
	at org.testng.internal.Invoker.invokeMethod(Invoker.java:661)</br><br>
	at org.testng.internal.Invoker.invokeTestMethod(Invoker.java:869)</br><br>
	at org.testng.internal.Invoker.invokeTestMethods(Invoker.java:1193)</br><br>
	at org.testng.internal.TestMethodWorker.invokeTestMethods(TestMethodWorker.java:126)</br><br>
	at org.testng.internal.TestMethodWorker.run(TestMethodWorker.java:109)</br><br>
	at org.testng.TestRunner.privateRun(TestRunner.java:744)</br><br>
	at org.testng.TestRunner.run(TestRunner.java:602)</br><br>
	at org.testng.SuiteRunner.runTest(SuiteRunner.java:380)</br><br>
	at org.testng.SuiteRunner.access&#36;000(SuiteRunner.java:39)</br><br>
	at org.testng.SuiteRunner&#36;SuiteWorker.run(SuiteRunner.java:414)</br><br>
	at org.testng.internal.thread.ThreadUtil&#36;1.call(ThreadUtil.java:52)</br><br>
	at java.util.concurrent.FutureTask.run(FutureTask.java:266)</br><br>
	at java.util.concurrent.ThreadPoolExecutor.runWorker(ThreadPoolExecutor.java:1142)</br><br>
	at java.util.concurrent.ThreadPoolExecutor&#36;Worker.run(ThreadPoolExecutor.java:617)</br><br>
	at java.lang.Thread.run(Thread.java:745)</br><br>
</br></div></td></tr></table></td></tr><tr class="passed"><td>After</td><td colspan="2"></td><td width="100">0.94s</td></tr><tr class="passed"><td colspan="4"><br></br></td></tr><tr><td colspan="5"><sup><a href="#top">Back to Table of Contents</a></sup></td></tr></table></td></tr><tr><td colspan="5"></td></tr></table>
	</body>
</html>