<?xml version="1.0" encoding="UTF-8" standalone="no"?>
<testsuite failures="1" name="cucumber.runtime.formatter.JUnitFormatter" skipped="0" tests="5" time="246.805507">
<testcase classname="Campaign Creation, Updation and Deletion" name="Creation of Campaign" time="78.233109">
<system-out><![CDATA[Given user lunch the salesforce application.................................passed
Given user able to login....................................................passed
When user created the new campaign under Campaigns page.....................passed
Then the new campaign should created successfully...........................passed
]]></system-out>
</testcase>
<testcase classname="Campaign Creation, Updation and Deletion" name="Creation of Campaign" time="37.829863">
<system-out><![CDATA[Given user lunch the salesforce application.................................passed
Given user able to login....................................................passed
When user created the new campaign under Campaigns page.....................passed
Then the new campaign should created successfully...........................passed
]]></system-out>
</testcase>
<testcase classname="Campaign Creation, Updation and Deletion" name="Creation of Campaign" time="35.631285">
<system-out><![CDATA[Given user lunch the salesforce application.................................passed
Given user able to login....................................................passed
When user created the new campaign under Campaigns page.....................passed
Then the new campaign should created successfully...........................passed
]]></system-out>
</testcase>
<testcase classname="Campaign Creation, Updation and Deletion" name="Creation of Campaign" time="58.869045">
<failure message="org.openqa.selenium.TimeoutException: Expected condition failed: waiting for visibility of [[ChromeDriver: chrome on XP (c33985fce3699a3ffba3b663fba32a29)] -&gt; xpath: //a[@title='Webinar']] (tried for 20 second(s) with 500 milliseconds interval)&#10;Build info: version: '3.14.0', revision: 'aacccce0', time: '2018-08-02T20:19:58.91Z'&#10;System info: host: 'QT-INBG-LT0552', ip: '10.20.12.64', os.name: 'Windows 10', os.arch: 'amd64', os.version: '10.0', java.version: '1.8.0_121'&#10;Driver info: org.openqa.selenium.chrome.ChromeDriver&#10;Capabilities {acceptInsecureCerts: false, acceptSslCerts: false, applicationCacheEnabled: false, browserConnectionEnabled: false, browserName: chrome, chrome: {chromedriverVersion: 74.0.3729.6 (255758eccf3d24..., userDataDir: C:\Users\MADHU~1.BOY\AppDat...}, cssSelectorsEnabled: true, databaseEnabled: false, goog:chromeOptions: {debuggerAddress: localhost:50306}, handlesAlerts: true, hasTouchScreen: false, javascriptEnabled: true, locationContextEnabled: true, mobileEmulationEnabled: false, nativeEvents: true, networkConnectionEnabled: false, pageLoadStrategy: normal, platform: XP, platformName: XP, proxy: Proxy(), rotatable: false, setWindowRect: true, strictFileInteractability: false, takesHeapSnapshot: true, takesScreenshot: true, timeouts: {implicit: 0, pageLoad: 300000, script: 30000}, unexpectedAlertBehaviour: ignore, unhandledPromptBehavior: ignore, version: 74.0.3729.169, webStorageEnabled: true}&#10;Session ID: c33985fce3699a3ffba3b663fba32a29&#13;&#10;&#9;at org.openqa.selenium.support.ui.WebDriverWait.timeoutException(WebDriverWait.java:113)&#13;&#10;&#9;at org.openqa.selenium.support.ui.FluentWait.until(FluentWait.java:283)&#13;&#10;&#9;at com.inmarsat.sfdc.pages.TestBase.WaitforElement(TestBase.java:47)&#13;&#10;&#9;at com.inmarsat.sfdc.pages.CampaignsPage.create_campaign(CampaignsPage.java:109)&#13;&#10;&#9;at com.inmarsat.sfdc.stepdefinitions.CampaignsStepDefs.create_Campaign(CampaignsStepDefs.java:32)&#13;&#10;&#9;at ✽.When user created the new campaign under Campaigns page(Campaign.feature:55)&#13;&#10;"><![CDATA[Given user lunch the salesforce application.................................passed
Given user able to login....................................................passed
When user created the new campaign under Campaigns page.....................failed
Then the new campaign should created successfully...........................skipped

StackTrace:
org.openqa.selenium.TimeoutException: Expected condition failed: waiting for visibility of [[ChromeDriver: chrome on XP (c33985fce3699a3ffba3b663fba32a29)] -> xpath: //a[@title='Webinar']] (tried for 20 second(s) with 500 milliseconds interval)
Build info: version: '3.14.0', revision: 'aacccce0', time: '2018-08-02T20:19:58.91Z'
System info: host: 'QT-INBG-LT0552', ip: '10.20.12.64', os.name: 'Windows 10', os.arch: 'amd64', os.version: '10.0', java.version: '1.8.0_121'
Driver info: org.openqa.selenium.chrome.ChromeDriver
Capabilities {acceptInsecureCerts: false, acceptSslCerts: false, applicationCacheEnabled: false, browserConnectionEnabled: false, browserName: chrome, chrome: {chromedriverVersion: 74.0.3729.6 (255758eccf3d24..., userDataDir: C:\Users\MADHU~1.BOY\AppDat...}, cssSelectorsEnabled: true, databaseEnabled: false, goog:chromeOptions: {debuggerAddress: localhost:50306}, handlesAlerts: true, hasTouchScreen: false, javascriptEnabled: true, locationContextEnabled: true, mobileEmulationEnabled: false, nativeEvents: true, networkConnectionEnabled: false, pageLoadStrategy: normal, platform: XP, platformName: XP, proxy: Proxy(), rotatable: false, setWindowRect: true, strictFileInteractability: false, takesHeapSnapshot: true, takesScreenshot: true, timeouts: {implicit: 0, pageLoad: 300000, script: 30000}, unexpectedAlertBehaviour: ignore, unhandledPromptBehavior: ignore, version: 74.0.3729.169, webStorageEnabled: true}
Session ID: c33985fce3699a3ffba3b663fba32a29
	at org.openqa.selenium.support.ui.WebDriverWait.timeoutException(WebDriverWait.java:113)
	at org.openqa.selenium.support.ui.FluentWait.until(FluentWait.java:283)
	at com.inmarsat.sfdc.pages.TestBase.WaitforElement(TestBase.java:47)
	at com.inmarsat.sfdc.pages.CampaignsPage.create_campaign(CampaignsPage.java:109)
	at com.inmarsat.sfdc.stepdefinitions.CampaignsStepDefs.create_Campaign(CampaignsStepDefs.java:32)
	at ✽.When user created the new campaign under Campaigns page(Campaign.feature:55)
]]></failure>
</testcase>
<testcase classname="Campaign Creation, Updation and Deletion" name="Creation of Campaign" time="36.242205">
<system-out><![CDATA[Given user lunch the salesforce application.................................passed
Given user able to login....................................................passed
When user created the new campaign under Campaigns page.....................passed
Then the new campaign should created successfully...........................passed
]]></system-out>
</testcase>
</testsuite>
