<?xml version="1.0" encoding="UTF-8" standalone="no"?>
<testsuite failures="1" name="cucumber.runtime.formatter.JUnitFormatter" skipped="0" tests="1" time="56.610453">
<testcase classname="Associate Campaign To Lead" name="Create Lead and Associate Campaign to it" time="56.610453">
<failure message="org.openqa.selenium.TimeoutException: Expected condition failed: waiting for visibility of [[ChromeDriver: chrome on XP (e6b3708abbf744e25bb4cd817aa07d75)] -&gt; xpath: //div[@class='slds-truncate'][contains(text(),'Add to Campaign')]] (tried for 10 second(s) with 500 milliseconds interval)&#10;Build info: version: '3.14.0', revision: 'aacccce0', time: '2018-08-02T20:19:58.91Z'&#10;System info: host: 'QT-INBG-LT0548', ip: '10.20.12.118', os.name: 'Windows 10', os.arch: 'amd64', os.version: '10.0', java.version: '1.8.0_121'&#10;Driver info: org.openqa.selenium.chrome.ChromeDriver&#10;Capabilities {acceptInsecureCerts: false, acceptSslCerts: false, applicationCacheEnabled: false, browserConnectionEnabled: false, browserName: chrome, chrome: {chromedriverVersion: 74.0.3729.6 (255758eccf3d24..., userDataDir: C:\Users\CHIRAN~1.HEG\AppDa...}, cssSelectorsEnabled: true, databaseEnabled: false, goog:chromeOptions: {debuggerAddress: localhost:64513}, handlesAlerts: true, hasTouchScreen: false, javascriptEnabled: true, locationContextEnabled: true, mobileEmulationEnabled: false, nativeEvents: true, networkConnectionEnabled: false, pageLoadStrategy: normal, platform: XP, platformName: XP, proxy: Proxy(), rotatable: false, setWindowRect: true, strictFileInteractability: false, takesHeapSnapshot: true, takesScreenshot: true, timeouts: {implicit: 0, pageLoad: 300000, script: 30000}, unexpectedAlertBehaviour: ignore, unhandledPromptBehavior: ignore, version: 74.0.3729.169, webStorageEnabled: true}&#10;Session ID: e6b3708abbf744e25bb4cd817aa07d75&#13;&#10;&#9;at org.openqa.selenium.support.ui.WebDriverWait.timeoutException(WebDriverWait.java:113)&#13;&#10;&#9;at org.openqa.selenium.support.ui.FluentWait.until(FluentWait.java:283)&#13;&#10;&#9;at com.inmarsat.sfdc.pages.TestBase.WaitforElement(TestBase.java:47)&#13;&#10;&#9;at com.inmarsat.sfdc.pages.AssociateCampaignToLeadPage.clickCampaignHistory(AssociateCampaignToLeadPage.java:36)&#13;&#10;&#9;at com.inmarsat.sfdc.stepdefinitions.AssociateCampaignToLeadStepDefs.associate_campaign_to_lead(AssociateCampaignToLeadStepDefs.java:68)&#13;&#10;&#9;at ✽.And Associate Campaign to Lead(AssociateCampaignToLead.feature:20)&#13;&#10;"><![CDATA[Given user launch the salesforce application................................passed
When user able to login.....................................................passed
Then Create a lead for associate campaign...................................passed
And Associate Campaign to Lead..............................................failed

StackTrace:
org.openqa.selenium.TimeoutException: Expected condition failed: waiting for visibility of [[ChromeDriver: chrome on XP (e6b3708abbf744e25bb4cd817aa07d75)] -> xpath: //div[@class='slds-truncate'][contains(text(),'Add to Campaign')]] (tried for 10 second(s) with 500 milliseconds interval)
Build info: version: '3.14.0', revision: 'aacccce0', time: '2018-08-02T20:19:58.91Z'
System info: host: 'QT-INBG-LT0548', ip: '10.20.12.118', os.name: 'Windows 10', os.arch: 'amd64', os.version: '10.0', java.version: '1.8.0_121'
Driver info: org.openqa.selenium.chrome.ChromeDriver
Capabilities {acceptInsecureCerts: false, acceptSslCerts: false, applicationCacheEnabled: false, browserConnectionEnabled: false, browserName: chrome, chrome: {chromedriverVersion: 74.0.3729.6 (255758eccf3d24..., userDataDir: C:\Users\CHIRAN~1.HEG\AppDa...}, cssSelectorsEnabled: true, databaseEnabled: false, goog:chromeOptions: {debuggerAddress: localhost:64513}, handlesAlerts: true, hasTouchScreen: false, javascriptEnabled: true, locationContextEnabled: true, mobileEmulationEnabled: false, nativeEvents: true, networkConnectionEnabled: false, pageLoadStrategy: normal, platform: XP, platformName: XP, proxy: Proxy(), rotatable: false, setWindowRect: true, strictFileInteractability: false, takesHeapSnapshot: true, takesScreenshot: true, timeouts: {implicit: 0, pageLoad: 300000, script: 30000}, unexpectedAlertBehaviour: ignore, unhandledPromptBehavior: ignore, version: 74.0.3729.169, webStorageEnabled: true}
Session ID: e6b3708abbf744e25bb4cd817aa07d75
	at org.openqa.selenium.support.ui.WebDriverWait.timeoutException(WebDriverWait.java:113)
	at org.openqa.selenium.support.ui.FluentWait.until(FluentWait.java:283)
	at com.inmarsat.sfdc.pages.TestBase.WaitforElement(TestBase.java:47)
	at com.inmarsat.sfdc.pages.AssociateCampaignToLeadPage.clickCampaignHistory(AssociateCampaignToLeadPage.java:36)
	at com.inmarsat.sfdc.stepdefinitions.AssociateCampaignToLeadStepDefs.associate_campaign_to_lead(AssociateCampaignToLeadStepDefs.java:68)
	at ✽.And Associate Campaign to Lead(AssociateCampaignToLead.feature:20)
]]></failure>
</testcase>
</testsuite>
